<?xml version="1.0" encoding="UTF-8"?>
<testsuite name="com.sgwannabig.smallgift.springboot.web.PostsApiControllerTest" tests="1" skipped="0" failures="0" errors="0" timestamp="2022-05-30T18:14:14" hostname="seungminsongui-MacBookAir.local" time="0.617">
  <properties/>
  <testcase name="Posts_등록된다" classname="com.sgwannabig.smallgift.springboot.web.PostsApiControllerTest" time="0.617"/>
  <system-out><![CDATA[03:14:07.447 [Test worker] DEBUG org.springframework.test.context.junit4.SpringJUnit4ClassRunner - SpringJUnit4ClassRunner constructor called with [class com.sgwannabig.smallgift.springboot.web.PostsApiControllerTest]
03:14:07.453 [Test worker] DEBUG org.springframework.test.context.BootstrapUtils - Instantiating CacheAwareContextLoaderDelegate from class [org.springframework.test.context.cache.DefaultCacheAwareContextLoaderDelegate]
03:14:07.485 [Test worker] DEBUG org.springframework.test.context.BootstrapUtils - Instantiating BootstrapContext using constructor [public org.springframework.test.context.support.DefaultBootstrapContext(java.lang.Class,org.springframework.test.context.CacheAwareContextLoaderDelegate)]
03:14:07.505 [Test worker] DEBUG org.springframework.test.context.BootstrapUtils - Instantiating TestContextBootstrapper for test class [com.sgwannabig.smallgift.springboot.web.PostsApiControllerTest] from class [org.springframework.boot.test.context.SpringBootTestContextBootstrapper]
03:14:07.520 [Test worker] INFO org.springframework.boot.test.context.SpringBootTestContextBootstrapper - Neither @ContextConfiguration nor @ContextHierarchy found for test class [com.sgwannabig.smallgift.springboot.web.PostsApiControllerTest], using SpringBootContextLoader
03:14:07.525 [Test worker] DEBUG org.springframework.test.context.support.AbstractContextLoader - Did not detect default resource location for test class [com.sgwannabig.smallgift.springboot.web.PostsApiControllerTest]: class path resource [com/sgwannabig/smallgift/springboot/web/PostsApiControllerTest-context.xml] does not exist
03:14:07.527 [Test worker] DEBUG org.springframework.test.context.support.AbstractContextLoader - Did not detect default resource location for test class [com.sgwannabig.smallgift.springboot.web.PostsApiControllerTest]: class path resource [com/sgwannabig/smallgift/springboot/web/PostsApiControllerTestContext.groovy] does not exist
03:14:07.527 [Test worker] INFO org.springframework.test.context.support.AbstractContextLoader - Could not detect default resource locations for test class [com.sgwannabig.smallgift.springboot.web.PostsApiControllerTest]: no resource found for suffixes {-context.xml, Context.groovy}.
03:14:07.527 [Test worker] INFO org.springframework.test.context.support.AnnotationConfigContextLoaderUtils - Could not detect default configuration classes for test class [com.sgwannabig.smallgift.springboot.web.PostsApiControllerTest]: PostsApiControllerTest does not declare any static, non-private, non-final, nested classes annotated with @Configuration.
03:14:07.572 [Test worker] DEBUG org.springframework.test.context.support.ActiveProfilesUtils - Could not find an 'annotation declaring class' for annotation type [org.springframework.test.context.ActiveProfiles] and class [com.sgwannabig.smallgift.springboot.web.PostsApiControllerTest]
03:14:07.727 [Test worker] DEBUG org.springframework.context.annotation.ClassPathScanningCandidateComponentProvider - Identified candidate component class: file [/Users/seungminsong/Desktop/coding/smallGift/build/classes/java/main/com/sgwannabig/smallgift/springboot/Application.class]
03:14:07.729 [Test worker] INFO org.springframework.boot.test.context.SpringBootTestContextBootstrapper - Found @SpringBootConfiguration com.sgwannabig.smallgift.springboot.Application for test class com.sgwannabig.smallgift.springboot.web.PostsApiControllerTest
03:14:07.824 [Test worker] DEBUG org.springframework.boot.test.context.SpringBootTestContextBootstrapper - @TestExecutionListeners is not present for class [com.sgwannabig.smallgift.springboot.web.PostsApiControllerTest]: using defaults.
03:14:07.825 [Test worker] INFO org.springframework.boot.test.context.SpringBootTestContextBootstrapper - Loaded default TestExecutionListener class names from location [META-INF/spring.factories]: [org.springframework.boot.test.autoconfigure.restdocs.RestDocsTestExecutionListener, org.springframework.boot.test.autoconfigure.web.client.MockRestServiceServerResetTestExecutionListener, org.springframework.boot.test.autoconfigure.web.servlet.MockMvcPrintOnlyOnFailureTestExecutionListener, org.springframework.boot.test.autoconfigure.web.servlet.WebDriverTestExecutionListener, org.springframework.boot.test.mock.mockito.MockitoTestExecutionListener, org.springframework.boot.test.mock.mockito.ResetMocksTestExecutionListener, org.springframework.test.context.web.ServletTestExecutionListener, org.springframework.test.context.support.DirtiesContextBeforeModesTestExecutionListener, org.springframework.test.context.support.DependencyInjectionTestExecutionListener, org.springframework.test.context.support.DirtiesContextTestExecutionListener, org.springframework.test.context.transaction.TransactionalTestExecutionListener, org.springframework.test.context.jdbc.SqlScriptsTestExecutionListener]
03:14:07.836 [Test worker] INFO org.springframework.boot.test.context.SpringBootTestContextBootstrapper - Using TestExecutionListeners: [org.springframework.test.context.web.ServletTestExecutionListener@8773ba6, org.springframework.test.context.support.DirtiesContextBeforeModesTestExecutionListener@602dfb8f, org.springframework.boot.test.mock.mockito.MockitoTestExecutionListener@3406def3, org.springframework.boot.test.autoconfigure.SpringBootDependencyInjectionTestExecutionListener@158de7e2, org.springframework.test.context.support.DirtiesContextTestExecutionListener@241654fe, org.springframework.test.context.transaction.TransactionalTestExecutionListener@2be83270, org.springframework.test.context.jdbc.SqlScriptsTestExecutionListener@299b90b8, org.springframework.boot.test.autoconfigure.restdocs.RestDocsTestExecutionListener@53d3d09e, org.springframework.boot.test.autoconfigure.web.client.MockRestServiceServerResetTestExecutionListener@4574dfbe, org.springframework.boot.test.autoconfigure.web.servlet.MockMvcPrintOnlyOnFailureTestExecutionListener@2fe50ed2, org.springframework.boot.test.autoconfigure.web.servlet.WebDriverTestExecutionListener@5a0e45c6, org.springframework.boot.test.mock.mockito.ResetMocksTestExecutionListener@17142939]
03:14:07.842 [Test worker] DEBUG org.springframework.test.annotation.ProfileValueUtils - Retrieved @ProfileValueSourceConfiguration [null] for test class [com.sgwannabig.smallgift.springboot.web.PostsApiControllerTest]
03:14:07.842 [Test worker] DEBUG org.springframework.test.annotation.ProfileValueUtils - Retrieved ProfileValueSource type [class org.springframework.test.annotation.SystemProfileValueSource] for class [com.sgwannabig.smallgift.springboot.web.PostsApiControllerTest]
03:14:07.851 [Test worker] DEBUG org.springframework.test.annotation.ProfileValueUtils - Retrieved @ProfileValueSourceConfiguration [null] for test class [com.sgwannabig.smallgift.springboot.web.PostsApiControllerTest]
03:14:07.852 [Test worker] DEBUG org.springframework.test.annotation.ProfileValueUtils - Retrieved ProfileValueSource type [class org.springframework.test.annotation.SystemProfileValueSource] for class [com.sgwannabig.smallgift.springboot.web.PostsApiControllerTest]
03:14:07.853 [Test worker] DEBUG org.springframework.test.annotation.ProfileValueUtils - Retrieved @ProfileValueSourceConfiguration [null] for test class [com.sgwannabig.smallgift.springboot.web.PostsApiControllerTest]
03:14:07.854 [Test worker] DEBUG org.springframework.test.annotation.ProfileValueUtils - Retrieved ProfileValueSource type [class org.springframework.test.annotation.SystemProfileValueSource] for class [com.sgwannabig.smallgift.springboot.web.PostsApiControllerTest]
03:14:07.856 [Test worker] DEBUG org.springframework.test.context.support.AbstractDirtiesContextTestExecutionListener - Before test class: context [DefaultTestContext@13d4a86c testClass = PostsApiControllerTest, testInstance = [null], testMethod = [null], testException = [null], mergedContextConfiguration = [WebMergedContextConfiguration@7fc1d628 testClass = PostsApiControllerTest, locations = '{}', classes = '{class com.sgwannabig.smallgift.springboot.Application}', contextInitializerClasses = '[]', activeProfiles = '{}', propertySourceLocations = '{}', propertySourceProperties = '{org.springframework.boot.test.context.SpringBootTestContextBootstrapper=true, server.port=0}', contextCustomizers = set[org.springframework.boot.test.autoconfigure.properties.PropertyMappingContextCustomizer@0, org.springframework.boot.test.autoconfigure.web.servlet.WebDriverContextCustomizerFactory$Customizer@11f41e0a, org.springframework.boot.test.context.filter.ExcludeFilterContextCustomizer@23c1241, org.springframework.boot.test.json.DuplicateJsonObjectContextCustomizerFactory$DuplicateJsonObjectContextCustomizer@2ae36396, org.springframework.boot.test.mock.mockito.MockitoContextCustomizer@0, org.springframework.boot.test.web.client.TestRestTemplateContextCustomizer@7e321a1e], resourceBasePath = 'src/main/webapp', contextLoader = 'org.springframework.boot.test.context.SpringBootContextLoader', parent = [null]], attributes = map['org.springframework.test.context.web.ServletTestExecutionListener.activateListener' -> false]], class annotated with @DirtiesContext [false] with mode [null].
03:14:07.858 [Test worker] DEBUG org.springframework.test.annotation.ProfileValueUtils - Retrieved @ProfileValueSourceConfiguration [null] for test class [com.sgwannabig.smallgift.springboot.web.PostsApiControllerTest]
03:14:07.858 [Test worker] DEBUG org.springframework.test.annotation.ProfileValueUtils - Retrieved ProfileValueSource type [class org.springframework.test.annotation.SystemProfileValueSource] for class [com.sgwannabig.smallgift.springboot.web.PostsApiControllerTest]
03:14:07.867 [Test worker] DEBUG org.springframework.test.context.support.DependencyInjectionTestExecutionListener - Performing dependency injection for test context [[DefaultTestContext@13d4a86c testClass = PostsApiControllerTest, testInstance = com.sgwannabig.smallgift.springboot.web.PostsApiControllerTest@1cc3d759, testMethod = [null], testException = [null], mergedContextConfiguration = [WebMergedContextConfiguration@7fc1d628 testClass = PostsApiControllerTest, locations = '{}', classes = '{class com.sgwannabig.smallgift.springboot.Application}', contextInitializerClasses = '[]', activeProfiles = '{}', propertySourceLocations = '{}', propertySourceProperties = '{org.springframework.boot.test.context.SpringBootTestContextBootstrapper=true, server.port=0}', contextCustomizers = set[org.springframework.boot.test.autoconfigure.properties.PropertyMappingContextCustomizer@0, org.springframework.boot.test.autoconfigure.web.servlet.WebDriverContextCustomizerFactory$Customizer@11f41e0a, org.springframework.boot.test.context.filter.ExcludeFilterContextCustomizer@23c1241, org.springframework.boot.test.json.DuplicateJsonObjectContextCustomizerFactory$DuplicateJsonObjectContextCustomizer@2ae36396, org.springframework.boot.test.mock.mockito.MockitoContextCustomizer@0, org.springframework.boot.test.web.client.TestRestTemplateContextCustomizer@7e321a1e], resourceBasePath = 'src/main/webapp', contextLoader = 'org.springframework.boot.test.context.SpringBootContextLoader', parent = [null]], attributes = map['org.springframework.test.context.web.ServletTestExecutionListener.activateListener' -> false]]].
03:14:07.897 [Test worker] DEBUG org.springframework.test.context.support.TestPropertySourceUtils - Adding inlined properties to environment: {spring.jmx.enabled=false, org.springframework.boot.test.context.SpringBootTestContextBootstrapper=true, server.port=0}

  .   ____          _            __ _ _
 /\\ / ___'_ __ _ _(_)_ __  __ _ \ \ \ \
( ( )\___ | '_ | '_| | '_ \/ _` | \ \ \ \
 \\/  ___)| |_)| | | | | || (_| |  ) ) ) )
  '  |____| .__|_| |_|_| |_\__, | / / / /
 =========|_|==============|___/=/_/_/_/
 :: Spring Boot ::        (v2.1.7.RELEASE)

2022-05-31 03:14:08.303  INFO 7902 --- [    Test worker] c.s.s.s.web.PostsApiControllerTest       : Starting PostsApiControllerTest on seungminsongui-MacBookAir.local with PID 7902 (started by seungminsong in /Users/seungminsong/Desktop/coding/smallGift)
2022-05-31 03:14:08.304  INFO 7902 --- [    Test worker] c.s.s.s.web.PostsApiControllerTest       : No active profile set, falling back to default profiles: default
2022-05-31 03:14:09.498  INFO 7902 --- [    Test worker] .s.d.r.c.RepositoryConfigurationDelegate : Bootstrapping Spring Data repositories in DEFAULT mode.
2022-05-31 03:14:09.595  INFO 7902 --- [    Test worker] .s.d.r.c.RepositoryConfigurationDelegate : Finished Spring Data repository scanning in 88ms. Found 1 repository interfaces.
2022-05-31 03:14:10.243  INFO 7902 --- [    Test worker] trationDelegate$BeanPostProcessorChecker : Bean 'org.springframework.transaction.annotation.ProxyTransactionManagementConfiguration' of type [org.springframework.transaction.annotation.ProxyTransactionManagementConfiguration$$EnhancerBySpringCGLIB$$9bf8b7d4] is not eligible for getting processed by all BeanPostProcessors (for example: not eligible for auto-proxying)
2022-05-31 03:14:10.869  INFO 7902 --- [    Test worker] o.s.b.w.embedded.tomcat.TomcatWebServer  : Tomcat initialized with port(s): 0 (http)
2022-05-31 03:14:10.933  INFO 7902 --- [    Test worker] o.apache.catalina.core.StandardService   : Starting service [Tomcat]
2022-05-31 03:14:10.934  INFO 7902 --- [    Test worker] org.apache.catalina.core.StandardEngine  : Starting Servlet engine: [Apache Tomcat/9.0.22]
2022-05-31 03:14:11.072  INFO 7902 --- [    Test worker] o.a.c.c.C.[Tomcat].[localhost].[/]       : Initializing Spring embedded WebApplicationContext
2022-05-31 03:14:11.072  INFO 7902 --- [    Test worker] o.s.web.context.ContextLoader            : Root WebApplicationContext: initialization completed in 2737 ms
2022-05-31 03:14:11.400  INFO 7902 --- [    Test worker] com.zaxxer.hikari.HikariDataSource       : HikariPool-1 - Starting...
2022-05-31 03:14:11.620  INFO 7902 --- [    Test worker] com.zaxxer.hikari.HikariDataSource       : HikariPool-1 - Start completed.
2022-05-31 03:14:11.793  INFO 7902 --- [    Test worker] o.hibernate.jpa.internal.util.LogHelper  : HHH000204: Processing PersistenceUnitInfo [
	name: default
	...]
2022-05-31 03:14:11.846  INFO 7902 --- [    Test worker] org.hibernate.Version                    : HHH000412: Hibernate Core {5.3.10.Final}
2022-05-31 03:14:11.848  INFO 7902 --- [    Test worker] org.hibernate.cfg.Environment            : HHH000206: hibernate.properties not found
2022-05-31 03:14:11.983  INFO 7902 --- [    Test worker] o.hibernate.annotations.common.Version   : HCANN000001: Hibernate Commons Annotations {5.0.4.Final}
2022-05-31 03:14:12.086  INFO 7902 --- [    Test worker] org.hibernate.dialect.Dialect            : HHH000400: Using dialect: org.hibernate.dialect.MySQL5InnoDBDialect
Hibernate: drop table if exists posts
Hibernate: create table posts (id bigint not null auto_increment, author varchar(255), content TEXT not null, title varchar(500) not null, primary key (id)) engine=InnoDB
2022-05-31 03:14:12.666  INFO 7902 --- [    Test worker] o.h.t.schema.internal.SchemaCreatorImpl  : HHH000476: Executing import script 'org.hibernate.tool.schema.internal.exec.ScriptSourceInputNonExistentImpl@5d57adf9'
2022-05-31 03:14:12.669  INFO 7902 --- [    Test worker] j.LocalContainerEntityManagerFactoryBean : Initialized JPA EntityManagerFactory for persistence unit 'default'
2022-05-31 03:14:13.885  INFO 7902 --- [    Test worker] o.s.s.concurrent.ThreadPoolTaskExecutor  : Initializing ExecutorService 'applicationTaskExecutor'
2022-05-31 03:14:13.948  WARN 7902 --- [    Test worker] aWebConfiguration$JpaWebMvcConfiguration : spring.jpa.open-in-view is enabled by default. Therefore, database queries may be performed during view rendering. Explicitly configure spring.jpa.open-in-view to disable this warning
2022-05-31 03:14:14.352  INFO 7902 --- [    Test worker] o.s.b.w.embedded.tomcat.TomcatWebServer  : Tomcat started on port(s): 55732 (http) with context path ''
2022-05-31 03:14:14.355  INFO 7902 --- [    Test worker] c.s.s.s.web.PostsApiControllerTest       : Started PostsApiControllerTest in 6.453 seconds (JVM running for 7.847)
2022-05-31 03:14:14.656  INFO 7902 --- [o-auto-1-exec-1] o.a.c.c.C.[Tomcat].[localhost].[/]       : Initializing Spring DispatcherServlet 'dispatcherServlet'
2022-05-31 03:14:14.656  INFO 7902 --- [o-auto-1-exec-1] o.s.web.servlet.DispatcherServlet        : Initializing Servlet 'dispatcherServlet'
2022-05-31 03:14:14.712  INFO 7902 --- [o-auto-1-exec-1] o.s.web.servlet.DispatcherServlet        : Completed initialization in 55 ms
Hibernate: insert into posts (author, content, title) values (?, ?, ?)
2022-05-31 03:14:14.919  INFO 7902 --- [    Test worker] o.h.h.i.QueryTranslatorFactoryInitiator  : HHH000397: Using ASTQueryTranslatorFactory
Hibernate: select posts0_.id as id1_0_, posts0_.author as author2_0_, posts0_.content as content3_0_, posts0_.title as title4_0_ from posts posts0_
Hibernate: select posts0_.id as id1_0_, posts0_.author as author2_0_, posts0_.content as content3_0_, posts0_.title as title4_0_ from posts posts0_
Hibernate: delete from posts where id=?
]]></system-out>
  <system-err><![CDATA[]]></system-err>
</testsuite>
